[0921/152850.980:ERROR:file_io_win.cc(162)] CreateFile C:\Users\096045.MGR\AppData\Local\Temp\puppeteer_dev_chrome_profile-2oE0iy\Crashpad\settings.dat: O sistema não pode encontrar o caminho especificado. (0x3)
[0921/152850.981:ERROR:file_io_win.cc(171)] CreateFile C:\Users\096045.MGR\AppData\Local\Temp\puppeteer_dev_chrome_profile-2oE0iy\Crashpad\reports\50332872-633d-4f87-92a6-8d269410b47c.dmp: O sistema não pode encontrar o caminho especificado. (0x3)
[0921/152850.982:ERROR:crash_report_exception_handler.cc(97)] PrepareNewCrashReport failed
[0921/154217.809:ERROR:file_io_win.cc(162)] CreateFile C:\Users\096045.MGR\AppData\Local\Temp\puppeteer_dev_chrome_profile-phzek5\Crashpad\settings.dat: O sistema não pode encontrar o caminho especificado. (0x3)
[0921/154217.811:ERROR:file_io_win.cc(171)] CreateFile C:\Users\096045.MGR\AppData\Local\Temp\puppeteer_dev_chrome_profile-phzek5\Crashpad\reports\2e82d2ae-9b5d-45f4-a363-76a5b8c20d39.dmp: O sistema não pode encontrar o caminho especificado. (0x3)
[0921/154217.811:ERROR:crash_report_exception_handler.cc(97)] PrepareNewCrashReport failed
[0924/175042.875:WARNING:minidump_to_upload_parameters.cc(67)] duplicate annotation name osarch, discarding value x86_64
[0924/175042.937:WARNING:minidump_to_upload_parameters.cc(67)] duplicate annotation name pid, discarding value 76768
[0924/175042.937:WARNING:minidump_to_upload_parameters.cc(67)] duplicate annotation name ptype, discarding value utility
[0925/000838.619:ERROR:file_io_win.cc(162)] CreateFile C:\Users\096045.MGR\AppData\Local\Temp\puppeteer_dev_chrome_profile-7KThv7\Crashpad\settings.dat: O sistema não pode encontrar o caminho especificado. (0x3)
[0925/000838.641:ERROR:file_io_win.cc(171)] CreateFile C:\Users\096045.MGR\AppData\Local\Temp\puppeteer_dev_chrome_profile-7KThv7\Crashpad\reports\48767132-694a-4df8-a19e-459bde083955.dmp: O sistema não pode encontrar o caminho especificado. (0x3)
[0925/000838.641:ERROR:crash_report_exception_handler.cc(97)] PrepareNewCrashReport failed
[0925/185713.122:ERROR:file_io_win.cc(162)] CreateFile C:\Users\096045.MGR\AppData\Local\Temp\puppeteer_dev_chrome_profile-aYLgYq\Crashpad\settings.dat: O sistema não pode encontrar o caminho especificado. (0x3)
[0925/185713.190:ERROR:file_io_win.cc(171)] CreateFile C:\Users\096045.MGR\AppData\Local\Temp\puppeteer_dev_chrome_profile-aYLgYq\Crashpad\reports\f59c4e47-cfb2-4ec9-b0fc-2c77490667d0.dmp: O sistema não pode encontrar o caminho especificado. (0x3)
[0925/185713.190:ERROR:crash_report_exception_handler.cc(97)] PrepareNewCrashReport failed
[0928/224002.032:ERROR:process_memory_win.cc(73)] ReadMemory at 0xfa94bf1000 of 61440 bytes failed: Somente uma parte de um pedido ReadProcessMemory ou WriteProcessMemory foi concluída. (0x12B)
[0928/224002.147:ERROR:process_memory_win.cc(73)] ReadMemory at 0xfa953fd000 of 12288 bytes failed: Somente uma parte de um pedido ReadProcessMemory ou WriteProcessMemory foi concluída. (0x12B)
[0928/224002.148:ERROR:process_memory_win.cc(73)] ReadMemory at 0xfa95bf7000 of 36864 bytes failed: Somente uma parte de um pedido ReadProcessMemory ou WriteProcessMemory foi concluída. (0x12B)
[0928/224002.148:ERROR:process_memory_win.cc(73)] ReadMemory at 0xfa963fc000 of 16384 bytes failed: Somente uma parte de um pedido ReadProcessMemory ou WriteProcessMemory foi concluída. (0x12B)
[0928/224002.148:ERROR:process_memory_win.cc(73)] ReadMemory at 0xfa96bfc000 of 16384 bytes failed: Somente uma parte de um pedido ReadProcessMemory ou WriteProcessMemory foi concluída. (0x12B)
[0928/224002.148:ERROR:process_memory_win.cc(73)] ReadMemory at 0xfa973fe000 of 8192 bytes failed: Somente uma parte de um pedido ReadProcessMemory ou WriteProcessMemory foi concluída. (0x12B)
[0928/224002.149:ERROR:process_memory_win.cc(73)] ReadMemory at 0xfa97bfd000 of 12288 bytes failed: Somente uma parte de um pedido ReadProcessMemory ou WriteProcessMemory foi concluída. (0x12B)
[0928/224002.149:ERROR:process_memory_win.cc(73)] ReadMemory at 0xfa983fb000 of 20480 bytes failed: Somente uma parte de um pedido ReadProcessMemory ou WriteProcessMemory foi concluída. (0x12B)
[0928/224002.149:ERROR:process_memory_win.cc(73)] ReadMemory at 0xfa98bfd000 of 12288 bytes failed: Somente uma parte de um pedido ReadProcessMemory ou WriteProcessMemory foi concluída. (0x12B)
[0928/224002.149:ERROR:process_memory_win.cc(73)] ReadMemory at 0xfa993f6000 of 40960 bytes failed: Somente uma parte de um pedido ReadProcessMemory ou WriteProcessMemory foi concluída. (0x12B)
[0928/224002.150:ERROR:process_memory_win.cc(73)] ReadMemory at 0xfa99bfb000 of 20480 bytes failed: Somente uma parte de um pedido ReadProcessMemory ou WriteProcessMemory foi concluída. (0x12B)
[0928/224002.150:ERROR:process_memory_win.cc(73)] ReadMemory at 0xfa9a3fd000 of 12288 bytes failed: Somente uma parte de um pedido ReadProcessMemory ou WriteProcessMemory foi concluída. (0x12B)
[0928/224002.150:ERROR:process_memory_win.cc(73)] ReadMemory at 0xfa9abfd000 of 12288 bytes failed: Somente uma parte de um pedido ReadProcessMemory ou WriteProcessMemory foi concluída. (0x12B)
[0928/224002.150:ERROR:process_memory_win.cc(73)] ReadMemory at 0xfa9b3f4000 of 49152 bytes failed: Somente uma parte de um pedido ReadProcessMemory ou WriteProcessMemory foi concluída. (0x12B)
[0928/224002.150:ERROR:process_memory_win.cc(73)] ReadMemory at 0xfa9bbfd000 of 12288 bytes failed: Somente uma parte de um pedido ReadProcessMemory ou WriteProcessMemory foi concluída. (0x12B)
[0928/224002.151:ERROR:process_memory_win.cc(73)] ReadMemory at 0xfa9c3fd000 of 12288 bytes failed: Somente uma parte de um pedido ReadProcessMemory ou WriteProcessMemory foi concluída. (0x12B)
[0928/224002.151:ERROR:process_memory_win.cc(73)] ReadMemory at 0xfa9cbfd000 of 12288 bytes failed: Somente uma parte de um pedido ReadProcessMemory ou WriteProcessMemory foi concluída. (0x12B)
[0928/224002.151:ERROR:process_memory_win.cc(73)] ReadMemory at 0xfa9422e000 of 852 bytes failed: Somente uma parte de um pedido ReadProcessMemory ou WriteProcessMemory foi concluída. (0x12B)
[0928/224002.151:ERROR:process_memory_win.cc(73)] ReadMemory at 0xfa9422f000 of 6024 bytes failed: Somente uma parte de um pedido ReadProcessMemory ou WriteProcessMemory foi concluída. (0x12B)
[0928/224002.152:ERROR:process_memory_win.cc(73)] ReadMemory at 0xfa94231000 of 6024 bytes failed: Somente uma parte de um pedido ReadProcessMemory ou WriteProcessMemory foi concluída. (0x12B)
[0928/224002.152:ERROR:process_memory_win.cc(73)] ReadMemory at 0xfa94233000 of 6024 bytes failed: Somente uma parte de um pedido ReadProcessMemory ou WriteProcessMemory foi concluída. (0x12B)
[0928/224002.152:ERROR:process_memory_win.cc(73)] ReadMemory at 0xfa94235000 of 6024 bytes failed: Somente uma parte de um pedido ReadProcessMemory ou WriteProcessMemory foi concluída. (0x12B)
[0928/224002.153:ERROR:process_memory_win.cc(73)] ReadMemory at 0xfa94237000 of 6024 bytes failed: Somente uma parte de um pedido ReadProcessMemory ou WriteProcessMemory foi concluída. (0x12B)
[0928/224002.153:ERROR:process_memory_win.cc(73)] ReadMemory at 0xfa94239000 of 6024 bytes failed: Somente uma parte de um pedido ReadProcessMemory ou WriteProcessMemory foi concluída. (0x12B)
[0928/224002.153:ERROR:process_memory_win.cc(73)] ReadMemory at 0xfa9423b000 of 6024 bytes failed: Somente uma parte de um pedido ReadProcessMemory ou WriteProcessMemory foi concluída. (0x12B)
[0928/224002.154:ERROR:process_memory_win.cc(73)] ReadMemory at 0xfa9423d000 of 6024 bytes failed: Somente uma parte de um pedido ReadProcessMemory ou WriteProcessMemory foi concluída. (0x12B)
[0928/224002.154:ERROR:process_memory_win.cc(73)] ReadMemory at 0xfa9423f000 of 6024 bytes failed: Somente uma parte de um pedido ReadProcessMemory ou WriteProcessMemory foi concluída. (0x12B)
[0928/224002.154:ERROR:process_memory_win.cc(73)] ReadMemory at 0xfa94241000 of 6024 bytes failed: Somente uma parte de um pedido ReadProcessMemory ou WriteProcessMemory foi concluída. (0x12B)
[0928/224002.155:ERROR:process_memory_win.cc(73)] ReadMemory at 0xfa94243000 of 6024 bytes failed: Somente uma parte de um pedido ReadProcessMemory ou WriteProcessMemory foi concluída. (0x12B)
[0928/224002.155:ERROR:process_memory_win.cc(73)] ReadMemory at 0xfa94245000 of 6024 bytes failed: Somente uma parte de um pedido ReadProcessMemory ou WriteProcessMemory foi concluída. (0x12B)
[0928/224002.156:ERROR:process_memory_win.cc(73)] ReadMemory at 0xfa94247000 of 6024 bytes failed: Somente uma parte de um pedido ReadProcessMemory ou WriteProcessMemory foi concluída. (0x12B)
[0928/224002.156:ERROR:process_memory_win.cc(73)] ReadMemory at 0xfa94249000 of 6024 bytes failed: Somente uma parte de um pedido ReadProcessMemory ou WriteProcessMemory foi concluída. (0x12B)
[0928/224002.156:ERROR:process_memory_win.cc(73)] ReadMemory at 0xfa9424b000 of 6024 bytes failed: Somente uma parte de um pedido ReadProcessMemory ou WriteProcessMemory foi concluída. (0x12B)
[0928/224002.156:ERROR:process_memory_win.cc(73)] ReadMemory at 0xfa9424d000 of 6024 bytes failed: Somente uma parte de um pedido ReadProcessMemory ou WriteProcessMemory foi concluída. (0x12B)
[0928/224002.156:ERROR:process_memory_win.cc(73)] ReadMemory at 0xfa9424f000 of 6024 bytes failed: Somente uma parte de um pedido ReadProcessMemory ou WriteProcessMemory foi concluída. (0x12B)
[0928/224002.157:ERROR:process_memory_win.cc(73)] ReadMemory at 0x2eec1a70000 of 384 bytes failed: Somente uma parte de um pedido ReadProcessMemory ou WriteProcessMemory foi concluída. (0x12B)
[0928/224002.157:ERROR:process_memory_win.cc(73)] ReadMemory at 0x2eec1a70fe0 of 17070 bytes failed: Somente uma parte de um pedido ReadProcessMemory ou WriteProcessMemory foi concluída. (0x12B)
[0928/224002.157:ERROR:process_memory_win.cc(73)] ReadMemory at 0x2eec1a752a0 of 1012 bytes failed: Somente uma parte de um pedido ReadProcessMemory ou WriteProcessMemory foi concluída. (0x12B)
[0928/224002.157:ERROR:process_memory_win.cc(73)] ReadMemory at 0x2eec1a758e8 of 118 bytes failed: Somente uma parte de um pedido ReadProcessMemory ou WriteProcessMemory foi concluída. (0x12B)
[0928/224002.157:ERROR:process_memory_win.cc(73)] ReadMemory at 0x2eec1a75960 of 1378 bytes failed: Somente uma parte de um pedido ReadProcessMemory ou WriteProcessMemory foi concluída. (0x12B)
[0928/224002.157:ERROR:process_memory_win.cc(73)] ReadMemory at 0x2eec1a75ec4 of 118 bytes failed: Somente uma parte de um pedido ReadProcessMemory ou WriteProcessMemory foi concluída. (0x12B)
[0928/224002.157:ERROR:process_memory_win.cc(73)] ReadMemory at 0x2eec1a75f3c of 102 bytes failed: Somente uma parte de um pedido ReadProcessMemory ou WriteProcessMemory foi concluída. (0x12B)
[0928/224002.157:ERROR:process_memory_win.cc(73)] ReadMemory at 0x2eec1a75fb0 of 58 bytes failed: Somente uma parte de um pedido ReadProcessMemory ou WriteProcessMemory foi concluída. (0x12B)
[0928/224002.157:ERROR:process_memory_win.cc(73)] ReadMemory at 0x2eec1a760b0 of 132 bytes failed: Somente uma parte de um pedido ReadProcessMemory ou WriteProcessMemory foi concluída. (0x12B)
[0928/224002.157:ERROR:process_memory_win.cc(73)] ReadMemory at 0x2eec1a76240 of 132 bytes failed: Somente uma parte de um pedido ReadProcessMemory ou WriteProcessMemory foi concluída. (0x12B)
[0928/224002.158:ERROR:process_memory_win.cc(73)] ReadMemory at 0x2eec1a76400 of 126 bytes failed: Somente uma parte de um pedido ReadProcessMemory ou WriteProcessMemory foi concluída. (0x12B)
[0928/224002.158:ERROR:process_memory_win.cc(73)] ReadMemory at 0x2eec1a767e0 of 132 bytes failed: Somente uma parte de um pedido ReadProcessMemory ou WriteProcessMemory foi concluída. (0x12B)
[0928/224002.158:ERROR:process_memory_win.cc(73)] ReadMemory at 0x2eec1a76970 of 64 bytes failed: Somente uma parte de um pedido ReadProcessMemory ou WriteProcessMemory foi concluída. (0x12B)
[0928/224002.158:ERROR:process_memory_win.cc(73)] ReadMemory at 0x2eec1a76b30 of 132 bytes failed: Somente uma parte de um pedido ReadProcessMemory ou WriteProcessMemory foi concluída. (0x12B)
[0928/224002.158:ERROR:process_memory_win.cc(73)] ReadMemory at 0x2eec1a76dd0 of 132 bytes failed: Somente uma parte de um pedido ReadProcessMemory ou WriteProcessMemory foi concluída. (0x12B)
[0928/224002.158:ERROR:process_memory_win.cc(73)] ReadMemory at 0x2eec1a76f60 of 68 bytes failed: Somente uma parte de um pedido ReadProcessMemory ou WriteProcessMemory foi concluída. (0x12B)
[0928/224002.158:ERROR:process_memory_win.cc(73)] ReadMemory at 0x2eec1a78160 of 132 bytes failed: Somente uma parte de um pedido ReadProcessMemory ou WriteProcessMemory foi concluída. (0x12B)
[0928/224002.158:ERROR:process_memory_win.cc(73)] ReadMemory at 0x2eec1a782f0 of 154 bytes failed: Somente uma parte de um pedido ReadProcessMemory ou WriteProcessMemory foi concluída. (0x12B)
[0928/224002.158:ERROR:process_memory_win.cc(73)] ReadMemory at 0x2eec1a7a8f0 of 62 bytes failed: Somente uma parte de um pedido ReadProcessMemory ou WriteProcessMemory foi concluída. (0x12B)
[0928/224002.158:ERROR:process_memory_win.cc(73)] ReadMemory at 0x2eec1a7aa50 of 132 bytes failed: Somente uma parte de um pedido ReadProcessMemory ou WriteProcessMemory foi concluída. (0x12B)
[0928/224002.158:ERROR:process_memory_win.cc(73)] ReadMemory at 0x2eec1a7abe0 of 60 bytes failed: Somente uma parte de um pedido ReadProcessMemory ou WriteProcessMemory foi concluída. (0x12B)
[0928/224002.158:ERROR:process_memory_win.cc(73)] ReadMemory at 0x2eec1a8b9a0 of 132 bytes failed: Somente uma parte de um pedido ReadProcessMemory ou WriteProcessMemory foi concluída. (0x12B)
[0928/224002.159:ERROR:process_memory_win.cc(73)] ReadMemory at 0x2eec1a8bcc0 of 132 bytes failed: Somente uma parte de um pedido ReadProcessMemory ou WriteProcessMemory foi concluída. (0x12B)
[0928/224002.159:ERROR:process_memory_win.cc(73)] ReadMemory at 0x2eec1a8bee0 of 132 bytes failed: Somente uma parte de um pedido ReadProcessMemory ou WriteProcessMemory foi concluída. (0x12B)
[0928/224002.159:ERROR:process_memory_win.cc(73)] ReadMemory at 0x2eec1a8c290 of 132 bytes failed: Somente uma parte de um pedido ReadProcessMemory ou WriteProcessMemory foi concluída. (0x12B)
[0928/224002.159:ERROR:process_memory_win.cc(73)] ReadMemory at 0x2eec1a8c5a0 of 132 bytes failed: Somente uma parte de um pedido ReadProcessMemory ou WriteProcessMemory foi concluída. (0x12B)
[0928/224002.159:ERROR:process_memory_win.cc(73)] ReadMemory at 0x2eec1a8c700 of 132 bytes failed: Somente uma parte de um pedido ReadProcessMemory ou WriteProcessMemory foi concluída. (0x12B)
[0928/224002.159:ERROR:process_memory_win.cc(73)] ReadMemory at 0x2eec1a8cac0 of 80 bytes failed: Somente uma parte de um pedido ReadProcessMemory ou WriteProcessMemory foi concluída. (0x12B)
[0928/224002.159:ERROR:process_memory_win.cc(73)] ReadMemory at 0x2eec1a8e8a0 of 132 bytes failed: Somente uma parte de um pedido ReadProcessMemory ou WriteProcessMemory foi concluída. (0x12B)
[0928/224002.159:ERROR:process_memory_win.cc(73)] ReadMemory at 0x2eec1a8e9d0 of 132 bytes failed: Somente uma parte de um pedido ReadProcessMemory ou WriteProcessMemory foi concluída. (0x12B)
[0928/224002.159:ERROR:process_memory_win.cc(73)] ReadMemory at 0x2eec1a8eb00 of 132 bytes failed: Somente uma parte de um pedido ReadProcessMemory ou WriteProcessMemory foi concluída. (0x12B)
[0928/224002.159:ERROR:process_memory_win.cc(73)] ReadMemory at 0x2eec1a8ec30 of 132 bytes failed: Somente uma parte de um pedido ReadProcessMemory ou WriteProcessMemory foi concluída. (0x12B)
[0928/224002.159:ERROR:process_memory_win.cc(73)] ReadMemory at 0x2eec1a8ed60 of 132 bytes failed: Somente uma parte de um pedido ReadProcessMemory ou WriteProcessMemory foi concluída. (0x12B)
[0928/224002.159:ERROR:process_memory_win.cc(73)] ReadMemory at 0x2eec1a8ee90 of 132 bytes failed: Somente uma parte de um pedido ReadProcessMemory ou WriteProcessMemory foi concluída. (0x12B)
[0928/224002.160:ERROR:process_memory_win.cc(73)] ReadMemory at 0x2eec1a8efc0 of 132 bytes failed: Somente uma parte de um pedido ReadProcessMemory ou WriteProcessMemory foi concluída. (0x12B)
[0928/224002.160:ERROR:process_memory_win.cc(73)] ReadMemory at 0x2eec1a8f0f0 of 132 bytes failed: Somente uma parte de um pedido ReadProcessMemory ou WriteProcessMemory foi concluída. (0x12B)
[0928/224002.160:ERROR:process_memory_win.cc(73)] ReadMemory at 0x2eec1a8f220 of 132 bytes failed: Somente uma parte de um pedido ReadProcessMemory ou WriteProcessMemory foi concluída. (0x12B)
[0928/224002.160:ERROR:process_memory_win.cc(73)] ReadMemory at 0x2eec1a8f350 of 132 bytes failed: Somente uma parte de um pedido ReadProcessMemory ou WriteProcessMemory foi concluída. (0x12B)
[0928/224002.160:ERROR:process_memory_win.cc(73)] ReadMemory at 0x2eec1a8f5b0 of 132 bytes failed: Somente uma parte de um pedido ReadProcessMemory ou WriteProcessMemory foi concluída. (0x12B)
[0928/224002.160:ERROR:process_memory_win.cc(73)] ReadMemory at 0x2eec1a8f6e0 of 132 bytes failed: Somente uma parte de um pedido ReadProcessMemory ou WriteProcessMemory foi concluída. (0x12B)
[0928/224002.160:ERROR:process_memory_win.cc(73)] ReadMemory at 0x2eec1a92170 of 60 bytes failed: Somente uma parte de um pedido ReadProcessMemory ou WriteProcessMemory foi concluída. (0x12B)
[0928/224002.160:ERROR:process_memory_win.cc(73)] ReadMemory at 0x2eec1a921c0 of 64 bytes failed: Somente uma parte de um pedido ReadProcessMemory ou WriteProcessMemory foi concluída. (0x12B)
[0928/224002.160:ERROR:process_memory_win.cc(73)] ReadMemory at 0x2eec1a92300 of 58 bytes failed: Somente uma parte de um pedido ReadProcessMemory ou WriteProcessMemory foi concluída. (0x12B)
[0928/224002.160:ERROR:process_memory_win.cc(73)] ReadMemory at 0x2eec1a926c0 of 62 bytes failed: Somente uma parte de um pedido ReadProcessMemory ou WriteProcessMemory foi concluída. (0x12B)
[0928/224002.161:ERROR:process_memory_win.cc(73)] ReadMemory at 0x2eec1a92800 of 60 bytes failed: Somente uma parte de um pedido ReadProcessMemory ou WriteProcessMemory foi concluída. (0x12B)
[0928/224002.161:ERROR:process_memory_win.cc(73)] ReadMemory at 0x2eec1a92850 of 62 bytes failed: Somente uma parte de um pedido ReadProcessMemory ou WriteProcessMemory foi concluída. (0x12B)
[0928/224002.161:ERROR:process_memory_win.cc(73)] ReadMemory at 0x2eec1a928a0 of 66 bytes failed: Somente uma parte de um pedido ReadProcessMemory ou WriteProcessMemory foi concluída. (0x12B)
[0928/224002.161:ERROR:process_memory_win.cc(73)] ReadMemory at 0x2eec1a92940 of 64 bytes failed: Somente uma parte de um pedido ReadProcessMemory ou WriteProcessMemory foi concluída. (0x12B)
[0928/224002.161:ERROR:process_memory_win.cc(73)] ReadMemory at 0x2eec1a92990 of 62 bytes failed: Somente uma parte de um pedido ReadProcessMemory ou WriteProcessMemory foi concluída. (0x12B)
[0928/224002.161:ERROR:process_memory_win.cc(73)] ReadMemory at 0x2eec1a92a80 of 62 bytes failed: Somente uma parte de um pedido ReadProcessMemory ou WriteProcessMemory foi concluída. (0x12B)
[0928/224002.161:ERROR:process_memory_win.cc(73)] ReadMemory at 0x2eec1a92ad0 of 64 bytes failed: Somente uma parte de um pedido ReadProcessMemory ou WriteProcessMemory foi concluída. (0x12B)
[0928/224002.161:ERROR:process_memory_win.cc(73)] ReadMemory at 0x2eec1a92d50 of 64 bytes failed: Somente uma parte de um pedido ReadProcessMemory ou WriteProcessMemory foi concluída. (0x12B)
[0928/224002.161:ERROR:process_memory_win.cc(73)] ReadMemory at 0x2eec1a92da0 of 60 bytes failed: Somente uma parte de um pedido ReadProcessMemory ou WriteProcessMemory foi concluída. (0x12B)
[0928/224002.161:ERROR:process_memory_win.cc(73)] ReadMemory at 0x2eec1a92df0 of 64 bytes failed: Somente uma parte de um pedido ReadProcessMemory ou WriteProcessMemory foi concluída. (0x12B)
[0928/224002.161:ERROR:process_memory_win.cc(73)] ReadMemory at 0x2eec1a92e40 of 62 bytes failed: Somente uma parte de um pedido ReadProcessMemory ou WriteProcessMemory foi concluída. (0x12B)
[0928/224002.161:ERROR:process_memory_win.cc(73)] ReadMemory at 0x2eec1a93090 of 132 bytes failed: Somente uma parte de um pedido ReadProcessMemory ou WriteProcessMemory foi concluída. (0x12B)
[0928/224002.162:ERROR:process_memory_win.cc(73)] ReadMemory at 0x2eec1a932a0 of 132 bytes failed: Somente uma parte de um pedido ReadProcessMemory ou WriteProcessMemory foi concluída. (0x12B)
[0928/224002.162:ERROR:process_memory_win.cc(73)] ReadMemory at 0xca2f3f1000 of 61440 bytes failed: Somente uma parte de um pedido ReadProcessMemory ou WriteProcessMemory foi concluída. (0x12B)
[0928/224002.162:ERROR:process_memory_win.cc(73)] ReadMemory at 0x2eec1a95800 of 132 bytes failed: Somente uma parte de um pedido ReadProcessMemory ou WriteProcessMemory foi concluída. (0x12B)
[0928/224002.162:ERROR:process_memory_win.cc(73)] ReadMemory at 0x2eec1a95930 of 146 bytes failed: Somente uma parte de um pedido ReadProcessMemory ou WriteProcessMemory foi concluída. (0x12B)
[0928/224002.162:ERROR:process_memory_win.cc(73)] ReadMemory at 0x2eec1a97ae0 of 132 bytes failed: Somente uma parte de um pedido ReadProcessMemory ou WriteProcessMemory foi concluída. (0x12B)
[0928/224002.162:ERROR:process_memory_win.cc(73)] ReadMemory at 0xca2fbfd000 of 12288 bytes failed: Somente uma parte de um pedido ReadProcessMemory ou WriteProcessMemory foi concluída. (0x12B)
[0928/224002.162:ERROR:process_memory_win.cc(73)] ReadMemory at 0x2eec1a98d90 of 54 bytes failed: Somente uma parte de um pedido ReadProcessMemory ou WriteProcessMemory foi concluída. (0x12B)
[0928/224002.162:ERROR:process_memory_win.cc(73)] ReadMemory at 0xca303f8000 of 32768 bytes failed: Somente uma parte de um pedido ReadProcessMemory ou WriteProcessMemory foi concluída. (0x12B)
[0928/224002.162:ERROR:process_memory_win.cc(73)] ReadMemory at 0x2eec1a9d140 of 76 bytes failed: Somente uma parte de um pedido ReadProcessMemory ou WriteProcessMemory foi concluída. (0x12B)
[0928/224002.162:ERROR:process_memory_win.cc(73)] ReadMemory at 0xca30bfc000 of 16384 bytes failed: Somente uma parte de um pedido ReadProcessMemory ou WriteProcessMemory foi concluída. (0x12B)
[0928/224002.162:ERROR:process_memory_win.cc(73)] ReadMemory at 0x2eec1a9dec0 of 80 bytes failed: Somente uma parte de um pedido ReadProcessMemory ou WriteProcessMemory foi concluída. (0x12B)
[0928/224002.162:ERROR:process_memory_win.cc(73)] ReadMemory at 0xca313fb000 of 20480 bytes failed: Somente uma parte de um pedido ReadProcessMemory ou WriteProcessMemory foi concluída. (0x12B)
[0928/224002.162:ERROR:process_memory_win.cc(73)] ReadMemory at 0x2eec1a9e290 of 132 bytes failed: Somente uma parte de um pedido ReadProcessMemory ou WriteProcessMemory foi concluída. (0x12B)
[0928/224002.162:ERROR:process_memory_win.cc(73)] ReadMemory at 0xca31bff000 of 4096 bytes failed: Somente uma parte de um pedido ReadProcessMemory ou WriteProcessMemory foi concluída. (0x12B)
[0928/224002.162:ERROR:process_memory_win.cc(73)] ReadMemory at 0x2eec1a9e750 of 132 bytes failed: Somente uma parte de um pedido ReadProcessMemory ou WriteProcessMemory foi concluída. (0x12B)
[0928/224002.162:ERROR:process_memory_win.cc(73)] ReadMemory at 0x2eec1a9eae0 of 132 bytes failed: Somente uma parte de um pedido ReadProcessMemory ou WriteProcessMemory foi concluída. (0x12B)
[0928/224002.162:ERROR:process_memory_win.cc(73)] ReadMemory at 0xca323fd000 of 12288 bytes failed: Somente uma parte de um pedido ReadProcessMemory ou WriteProcessMemory foi concluída. (0x12B)
[0928/224002.163:ERROR:process_memory_win.cc(73)] ReadMemory at 0x2eec1a9ed40 of 132 bytes failed: Somente uma parte de um pedido ReadProcessMemory ou WriteProcessMemory foi concluída. (0x12B)
[0928/224002.163:ERROR:process_memory_win.cc(73)] ReadMemory at 0x2eec1a9ee70 of 132 bytes failed: Somente uma parte de um pedido ReadProcessMemory ou WriteProcessMemory foi concluída. (0x12B)
[0928/224002.163:ERROR:process_memory_win.cc(73)] ReadMemory at 0xca32bfc000 of 16384 bytes failed: Somente uma parte de um pedido ReadProcessMemory ou WriteProcessMemory foi concluída. (0x12B)
[0928/224002.163:ERROR:process_memory_win.cc(73)] ReadMemory at 0x2eec1a9efa0 of 132 bytes failed: Somente uma parte de um pedido ReadProcessMemory ou WriteProcessMemory foi concluída. (0x12B)
[0928/224002.163:ERROR:process_memory_win.cc(73)] ReadMemory at 0xca333fd000 of 12288 bytes failed: Somente uma parte de um pedido ReadProcessMemory ou WriteProcessMemory foi concluída. (0x12B)
[0928/224002.163:ERROR:process_memory_win.cc(73)] ReadMemory at 0x2eec1a9f0d0 of 132 bytes failed: Somente uma parte de um pedido ReadProcessMemory ou WriteProcessMemory foi concluída. (0x12B)
[0928/224002.163:ERROR:process_memory_win.cc(73)] ReadMemory at 0xca33bfd000 of 12288 bytes failed: Somente uma parte de um pedido ReadProcessMemory ou WriteProcessMemory foi concluída. (0x12B)
[0928/224002.163:ERROR:process_memory_win.cc(73)] ReadMemory at 0x2eec1a9f330 of 132 bytes failed: Somente uma parte de um pedido ReadProcessMemory ou WriteProcessMemory foi concluída. (0x12B)
[0928/224002.163:ERROR:process_memory_win.cc(73)] ReadMemory at 0xca343fd000 of 12288 bytes failed: Somente uma parte de um pedido ReadProcessMemory ou WriteProcessMemory foi concluída. (0x12B)
[0928/224002.163:ERROR:process_memory_win.cc(73)] ReadMemory at 0x2eec1a9f460 of 132 bytes failed: Somente uma parte de um pedido ReadProcessMemory ou WriteProcessMemory foi concluída. (0x12B)
[0928/224002.163:ERROR:process_memory_win.cc(73)] ReadMemory at 0xca34bfd000 of 12288 bytes failed: Somente uma parte de um pedido ReadProcessMemory ou WriteProcessMemory foi concluída. (0x12B)
[0928/224002.163:ERROR:process_memory_win.cc(73)] ReadMemory at 0x2eec1a9fde0 of 132 bytes failed: Somente uma parte de um pedido ReadProcessMemory ou WriteProcessMemory foi concluída. (0x12B)
[0928/224002.163:ERROR:process_memory_win.cc(73)] ReadMemory at 0xca353fd000 of 12288 bytes failed: Somente uma parte de um pedido ReadProcessMemory ou WriteProcessMemory foi concluída. (0x12B)
[0928/224002.163:ERROR:process_memory_win.cc(73)] ReadMemory at 0x2eec1aa1cd0 of 62 bytes failed: Somente uma parte de um pedido ReadProcessMemory ou WriteProcessMemory foi concluída. (0x12B)
[0928/224002.163:ERROR:process_memory_win.cc(73)] ReadMemory at 0xca35bfd000 of 12288 bytes failed: Somente uma parte de um pedido ReadProcessMemory ou WriteProcessMemory foi concluída. (0x12B)
[0928/224002.163:ERROR:process_memory_win.cc(73)] ReadMemory at 0x2eec1aa1dc0 of 60 bytes failed: Somente uma parte de um pedido ReadProcessMemory ou WriteProcessMemory foi concluída. (0x12B)
[0928/224002.163:ERROR:process_memory_win.cc(73)] ReadMemory at 0xca363fd000 of 12288 bytes failed: Somente uma parte de um pedido ReadProcessMemory ou WriteProcessMemory foi concluída. (0x12B)
[0928/224002.163:ERROR:process_memory_win.cc(73)] ReadMemory at 0x2eec1aa1e10 of 62 bytes failed: Somente uma parte de um pedido ReadProcessMemory ou WriteProcessMemory foi concluída. (0x12B)
[0928/224002.163:ERROR:process_memory_win.cc(73)] ReadMemory at 0xca36bfd000 of 12288 bytes failed: Somente uma parte de um pedido ReadProcessMemory ou WriteProcessMemory foi concluída. (0x12B)
[0928/224002.163:ERROR:process_memory_win.cc(73)] ReadMemory at 0x2eec1aa1e60 of 64 bytes failed: Somente uma parte de um pedido ReadProcessMemory ou WriteProcessMemory foi concluída. (0x12B)
[0928/224002.164:ERROR:process_memory_win.cc(73)] ReadMemory at 0x2eec1aa1eb0 of 64 bytes failed: Somente uma parte de um pedido ReadProcessMemory ou WriteProcessMemory foi concluída. (0x12B)
[0928/224002.164:ERROR:process_memory_win.cc(73)] ReadMemory at 0xca2eb54000 of 852 bytes failed: Somente uma parte de um pedido ReadProcessMemory ou WriteProcessMemory foi concluída. (0x12B)
[0928/224002.164:ERROR:process_memory_win.cc(73)] ReadMemory at 0x2eec1aa1f00 of 62 bytes failed: Somente uma parte de um pedido ReadProcessMemory ou WriteProcessMemory foi concluída. (0x12B)
[0928/224002.164:ERROR:process_memory_win.cc(73)] ReadMemory at 0xca2eb55000 of 6024 bytes failed: Somente uma parte de um pedido ReadProcessMemory ou WriteProcessMemory foi concluída. (0x12B)
[0928/224002.164:ERROR:process_memory_win.cc(73)] ReadMemory at 0x2eec1aa21d0 of 60 bytes failed: Somente uma parte de um pedido ReadProcessMemory ou WriteProcessMemory foi concluída. (0x12B)
[0928/224002.164:ERROR:process_memory_win.cc(73)] ReadMemory at 0xca2eb57000 of 6024 bytes failed: Somente uma parte de um pedido ReadProcessMemory ou WriteProcessMemory foi concluída. (0x12B)
[0928/224002.164:ERROR:process_memory_win.cc(73)] ReadMemory at 0x2eec1aa2270 of 66 bytes failed: Somente uma parte de um pedido ReadProcessMemory ou WriteProcessMemory foi concluída. (0x12B)
[0928/224002.164:ERROR:process_memory_win.cc(73)] ReadMemory at 0xca2eb59000 of 6024 bytes failed: Somente uma parte de um pedido ReadProcessMemory ou WriteProcessMemory foi concluída. (0x12B)
[0928/224002.164:ERROR:process_memory_win.cc(73)] ReadMemory at 0x2eec1aa24a0 of 62 bytes failed: Somente uma parte de um pedido ReadProcessMemory ou WriteProcessMemory foi concluída. (0x12B)
[0928/224002.164:ERROR:process_memory_win.cc(73)] ReadMemory at 0xca2eb5b000 of 6024 bytes failed: Somente uma parte de um pedido ReadProcessMemory ou WriteProcessMemory foi concluída. (0x12B)
[0928/224002.164:ERROR:process_memory_win.cc(73)] ReadMemory at 0x2eec1aa24f0 of 62 bytes failed: Somente uma parte de um pedido ReadProcessMemory ou WriteProcessMemory foi concluída. (0x12B)
[0928/224002.164:ERROR:process_memory_win.cc(73)] ReadMemory at 0xca2eb5d000 of 6024 bytes failed: Somente uma parte de um pedido ReadProcessMemory ou WriteProcessMemory foi concluída. (0x12B)
[0928/224002.164:ERROR:process_memory_win.cc(73)] ReadMemory at 0x2eec1aa25e0 of 64 bytes failed: Somente uma parte de um pedido ReadProcessMemory ou WriteProcessMemory foi concluída. (0x12B)
[0928/224002.164:ERROR:process_memory_win.cc(73)] ReadMemory at 0xca2eb5f000 of 6024 bytes failed: Somente uma parte de um pedido ReadProcessMemory ou WriteProcessMemory foi concluída. (0x12B)
[0928/224002.164:ERROR:process_memory_win.cc(73)] ReadMemory at 0x2eec1aa2b80 of 60 bytes failed: Somente uma parte de um pedido ReadProcessMemory ou WriteProcessMemory foi concluída. (0x12B)
[0928/224002.164:ERROR:process_memory_win.cc(73)] ReadMemory at 0xca2eb61000 of 6024 bytes failed: Somente uma parte de um pedido ReadProcessMemory ou WriteProcessMemory foi concluída. (0x12B)
[0928/224002.165:ERROR:process_memory_win.cc(73)] ReadMemory at 0x2eec1aee100 of 512 bytes failed: Somente uma parte de um pedido ReadProcessMemory ou WriteProcessMemory foi concluída. (0x12B)
[0928/224002.165:ERROR:process_memory_win.cc(73)] ReadMemory at 0xca2eb63000 of 6024 bytes failed: Somente uma parte de um pedido ReadProcessMemory ou WriteProcessMemory foi concluída. (0x12B)
[0928/224002.165:ERROR:process_memory_win.cc(73)] ReadMemory at 0x2eec1af1a40 of 512 bytes failed: Somente uma parte de um pedido ReadProcessMemory ou WriteProcessMemory foi concluída. (0x12B)
[0928/224002.165:ERROR:process_memory_win.cc(73)] ReadMemory at 0xca2eb65000 of 6024 bytes failed: Somente uma parte de um pedido ReadProcessMemory ou WriteProcessMemory foi concluída. (0x12B)
[0928/224002.165:ERROR:process_memory_win.cc(73)] ReadMemory at 0x2eec1af28c0 of 512 bytes failed: Somente uma parte de um pedido ReadProcessMemory ou WriteProcessMemory foi concluída. (0x12B)
[0928/224002.165:ERROR:process_memory_win.cc(73)] ReadMemory at 0xca2eb67000 of 6024 bytes failed: Somente uma parte de um pedido ReadProcessMemory ou WriteProcessMemory foi concluída. (0x12B)
[0928/224002.165:ERROR:process_memory_win.cc(73)] ReadMemory at 0x2eec1aff2d0 of 544 bytes failed: Somente uma parte de um pedido ReadProcessMemory ou WriteProcessMemory foi concluída. (0x12B)
[0928/224002.165:ERROR:process_memory_win.cc(73)] ReadMemory at 0xca2eb69000 of 6024 bytes failed: Somente uma parte de um pedido ReadProcessMemory ou WriteProcessMemory foi concluída. (0x12B)
[0928/224002.165:ERROR:process_memory_win.cc(73)] ReadMemory at 0x2eec1b00a70 of 512 bytes failed: Somente uma parte de um pedido ReadProcessMemory ou WriteProcessMemory foi concluída. (0x12B)
[0928/224002.165:ERROR:process_memory_win.cc(73)] ReadMemory at 0xca2eb6b000 of 6024 bytes failed: Somente uma parte de um pedido ReadProcessMemory ou WriteProcessMemory foi concluída. (0x12B)
[0928/224002.165:ERROR:process_memory_win.cc(73)] ReadMemory at 0x2eec1b02860 of 712 bytes failed: Somente uma parte de um pedido ReadProcessMemory ou WriteProcessMemory foi concluída. (0x12B)
[0928/224002.165:ERROR:process_memory_win.cc(73)] ReadMemory at 0xca2eb6d000 of 6024 bytes failed: Somente uma parte de um pedido ReadProcessMemory ou WriteProcessMemory foi concluída. (0x12B)
[0928/224002.165:ERROR:process_memory_win.cc(73)] ReadMemory at 0x2eec1b28d50 of 512 bytes failed: Somente uma parte de um pedido ReadProcessMemory ou WriteProcessMemory foi concluída. (0x12B)
[0928/224002.165:ERROR:process_memory_win.cc(73)] ReadMemory at 0x2eec1b38ea2 of 610 bytes failed: Somente uma parte de um pedido ReadProcessMemory ou WriteProcessMemory foi concluída. (0x12B)
[0928/224002.165:ERROR:process_memory_win.cc(73)] ReadMemory at 0xca2eb6f000 of 6024 bytes failed: Somente uma parte de um pedido ReadProcessMemory ou WriteProcessMemory foi concluída. (0x12B)
[0928/224002.165:ERROR:process_memory_win.cc(73)] ReadMemory at 0x2eec1b70f40 of 512 bytes failed: Somente uma parte de um pedido ReadProcessMemory ou WriteProcessMemory foi concluída. (0x12B)
[0928/224002.165:ERROR:process_memory_win.cc(73)] ReadMemory at 0xca2eb71000 of 6024 bytes failed: Somente uma parte de um pedido ReadProcessMemory ou WriteProcessMemory foi concluída. (0x12B)
[0928/224002.165:ERROR:process_memory_win.cc(73)] ReadMemory at 0x2eec1b72500 of 512 bytes failed: Somente uma parte de um pedido ReadProcessMemory ou WriteProcessMemory foi concluída. (0x12B)
[0928/224002.166:ERROR:process_memory_win.cc(73)] ReadMemory at 0xca2eb73000 of 6024 bytes failed: Somente uma parte de um pedido ReadProcessMemory ou WriteProcessMemory foi concluída. (0x12B)
[0928/224002.166:ERROR:process_memory_win.cc(73)] ReadMemory at 0x2eec3330000 of 384 bytes failed: Somente uma parte de um pedido ReadProcessMemory ou WriteProcessMemory foi concluída. (0x12B)
[0928/224002.166:ERROR:process_memory_win.cc(73)] ReadMemory at 0x2eec3332b80 of 512 bytes failed: Somente uma parte de um pedido ReadProcessMemory ou WriteProcessMemory foi concluída. (0x12B)
[0928/224002.166:ERROR:process_memory_win.cc(73)] ReadMemory at 0x209a8f00fe0 of 17070 bytes failed: Somente uma parte de um pedido ReadProcessMemory ou WriteProcessMemory foi concluída. (0x12B)
[0928/224002.166:ERROR:process_memory_win.cc(73)] ReadMemory at 0x2eec333b8a0 of 512 bytes failed: Somente uma parte de um pedido ReadProcessMemory ou WriteProcessMemory foi concluída. (0x12B)
[0928/224002.166:ERROR:process_memory_win.cc(73)] ReadMemory at 0x209a8f052a0 of 1012 bytes failed: Somente uma parte de um pedido ReadProcessMemory ou WriteProcessMemory foi concluída. (0x12B)
[0928/224002.166:ERROR:process_memory_win.cc(73)] ReadMemory at 0x2eec3340740 of 512 bytes failed: Somente uma parte de um pedido ReadProcessMemory ou WriteProcessMemory foi concluída. (0x12B)
[0928/224002.166:ERROR:process_memory_win.cc(73)] ReadMemory at 0x209a8f058e8 of 118 bytes failed: Somente uma parte de um pedido ReadProcessMemory ou WriteProcessMemory foi concluída. (0x12B)
[0928/224002.166:ERROR:process_memory_win.cc(73)] ReadMemory at 0x2eec33c60d0 of 512 bytes failed: Somente uma parte de um pedido ReadProcessMemory ou WriteProcessMemory foi concluída. (0x12B)
[0928/224002.166:ERROR:process_memory_win.cc(73)] ReadMemory at 0x209a8f05960 of 1376 bytes failed: Somente uma parte de um pedido ReadProcessMemory ou WriteProcessMemory foi concluída. (0x12B)
[0928/224002.166:ERROR:process_memory_win.cc(73)] ReadMemory at 0x2eec366e2c0 of 512 bytes failed: Somente uma parte de um pedido ReadProcessMemory ou WriteProcessMemory foi concluída. (0x12B)
[0928/224002.166:ERROR:process_memory_win.cc(73)] ReadMemory at 0x209a8f05ec2 of 118 bytes failed: Somente uma parte de um pedido ReadProcessMemory ou WriteProcessMemory foi concluída. (0x12B)
[0928/224002.166:ERROR:process_memory_win.cc(73)] ReadMemory at 0x2eec366e940 of 512 bytes failed: Somente uma parte de um pedido ReadProcessMemory ou WriteProcessMemory foi concluída. (0x12B)
[0928/224002.166:ERROR:process_memory_win.cc(73)] ReadMemory at 0x209a8f05f3a of 102 bytes failed: Somente uma parte de um pedido ReadProcessMemory ou WriteProcessMemory foi concluída. (0x12B)
[0928/224002.166:ERROR:process_memory_win.cc(73)] ReadMemory at 0x2eec36c0620 of 512 bytes failed: Somente uma parte de um pedido ReadProcessMemory ou WriteProcessMemory foi concluída. (0x12B)
[0928/224002.166:ERROR:process_memory_win.cc(73)] ReadMemory at 0x209a8f05fb0 of 58 bytes failed: Somente uma parte de um pedido ReadProcessMemory ou WriteProcessMemory foi concluída. (0x12B)
[0928/224002.166:ERROR:process_memory_win.cc(73)] ReadMemory at 0x2eec36c44c0 of 512 bytes failed: Somente uma parte de um pedido ReadProcessMemory ou WriteProcessMemory foi concluída. (0x12B)
[0928/224002.166:ERROR:process_memory_win.cc(73)] ReadMemory at 0x209a8f060b0 of 132 bytes failed: Somente uma parte de um pedido ReadProcessMemory ou WriteProcessMemory foi concluída. (0x12B)
[0928/224002.166:ERROR:process_memory_win.cc(73)] ReadMemory at 0x2eec3d20210 of 512 bytes failed: Somente uma parte de um pedido ReadProcessMemory ou WriteProcessMemory foi concluída. (0x12B)
[0928/224002.166:ERROR:process_memory_win.cc(73)] ReadMemory at 0x209a8f06240 of 132 bytes failed: Somente uma parte de um pedido ReadProcessMemory ou WriteProcessMemory foi concluída. (0x12B)
[0928/224002.166:ERROR:process_memory_win.cc(73)] ReadMemory at 0x5f62c1d48880 of 512 bytes failed: Somente uma parte de um pedido ReadProcessMemory ou WriteProcessMemory foi concluída. (0x12B)
[0928/224002.166:ERROR:process_memory_win.cc(73)] ReadMemory at 0x209a8f06400 of 126 bytes failed: Somente uma parte de um pedido ReadProcessMemory ou WriteProcessMemory foi concluída. (0x12B)
[0928/224002.166:ERROR:process_memory_win.cc(73)] ReadMemory at 0x5f62c1e01b60 of 512 bytes failed: Somente uma parte de um pedido ReadProcessMemory ou WriteProcessMemory foi concluída. (0x12B)
[0928/224002.167:ERROR:process_memory_win.cc(73)] ReadMemory at 0x209a8f067e0 of 132 bytes failed: Somente uma parte de um pedido ReadProcessMemory ou WriteProcessMemory foi concluída. (0x12B)
[0928/224002.167:ERROR:process_memory_win.cc(73)] ReadMemory at 0x5f62c2237f80 of 512 bytes failed: Somente uma parte de um pedido ReadProcessMemory ou WriteProcessMemory foi concluída. (0x12B)
[0928/224002.167:ERROR:process_memory_win.cc(73)] ReadMemory at 0x209a8f06970 of 64 bytes failed: Somente uma parte de um pedido ReadProcessMemory ou WriteProcessMemory foi concluída. (0x12B)
[0928/224002.167:ERROR:process_memory_win.cc(73)] ReadMemory at 0x5f62c22e5c20 of 512 bytes failed: Somente uma parte de um pedido ReadProcessMemory ou WriteProcessMemory foi concluída. (0x12B)
[0928/224002.167:ERROR:process_memory_win.cc(73)] ReadMemory at 0x209a8f06b30 of 132 bytes failed: Somente uma parte de um pedido ReadProcessMemory ou WriteProcessMemory foi concluída. (0x12B)
[0928/224002.167:ERROR:process_memory_win.cc(73)] ReadMemory at 0x5f62c2717f80 of 128 bytes failed: Somente uma parte de um pedido ReadProcessMemory ou WriteProcessMemory foi concluída. (0x12B)
[0928/224002.167:ERROR:process_memory_win.cc(73)] ReadMemory at 0x209a8f06dd0 of 132 bytes failed: Somente uma parte de um pedido ReadProcessMemory ou WriteProcessMemory foi concluída. (0x12B)
[0928/224002.167:ERROR:process_memory_win.cc(73)] ReadMemory at 0x747fd3f87780 of 512 bytes failed: Somente uma parte de um pedido ReadProcessMemory ou WriteProcessMemory foi concluída. (0x12B)
[0928/224002.167:ERROR:process_memory_win.cc(73)] ReadMemory at 0x209a8f06f60 of 68 bytes failed: Somente uma parte de um pedido ReadProcessMemory ou WriteProcessMemory foi concluída. (0x12B)
[0928/224002.167:ERROR:process_memory_win.cc(73)] ReadMemory at 0x747fd3fa6a40 of 512 bytes failed: Somente uma parte de um pedido ReadProcessMemory ou WriteProcessMemory foi concluída. (0x12B)
[0928/224002.167:ERROR:process_memory_win.cc(73)] ReadMemory at 0x209a8f08160 of 132 bytes failed: Somente uma parte de um pedido ReadProcessMemory ou WriteProcessMemory foi concluída. (0x12B)
[0928/224002.167:ERROR:process_memory_win.cc(73)] ReadMemory at 0x7ffcd2537be9 of 512 bytes failed: Somente uma parte de um pedido ReadProcessMemory ou WriteProcessMemory foi concluída. (0x12B)
[0928/224002.167:ERROR:process_memory_win.cc(73)] ReadMemory at 0x209a8f082f0 of 154 bytes failed: Somente uma parte de um pedido ReadProcessMemory ou WriteProcessMemory foi concluída. (0x12B)
[0928/224002.167:ERROR:process_memory_win.cc(73)] ReadMemory at 0x7ffcd253fdd8 of 512 bytes failed: Somente uma parte de um pedido ReadProcessMemory ou WriteProcessMemory foi concluída. (0x12B)
[0928/224002.167:ERROR:process_memory_win.cc(73)] ReadMemory at 0x209a8f0a8f0 of 62 bytes failed: Somente uma parte de um pedido ReadProcessMemory ou WriteProcessMemory foi concluída. (0x12B)
[0928/224002.167:ERROR:process_memory_win.cc(73)] ReadMemory at 0x7ffcd525e17d of 512 bytes failed: Somente uma parte de um pedido ReadProcessMemory ou WriteProcessMemory foi concluída. (0x12B)
[0928/224002.167:ERROR:process_memory_win.cc(73)] ReadMemory at 0x209a8f0aa50 of 132 bytes failed: Somente uma parte de um pedido ReadProcessMemory ou WriteProcessMemory foi concluída. (0x12B)
[0928/224002.167:ERROR:process_memory_win.cc(73)] ReadMemory at 0x7ffcd9430667 of 512 bytes failed: Somente uma parte de um pedido ReadProcessMemory ou WriteProcessMemory foi concluída. (0x12B)
[0928/224002.167:ERROR:process_memory_win.cc(73)] ReadMemory at 0x209a8f0abe0 of 60 bytes failed: Somente uma parte de um pedido ReadProcessMemory ou WriteProcessMemory foi concluída. (0x12B)
[0928/224002.167:ERROR:process_memory_win.cc(73)] ReadMemory at 0x7ffcd9c016cc of 512 bytes failed: Somente uma parte de um pedido ReadProcessMemory ou WriteProcessMemory foi concluída. (0x12B)
[0928/224002.167:ERROR:process_memory_win.cc(73)] ReadMemory at 0x209a8f1b9a0 of 132 bytes failed: Somente uma parte de um pedido ReadProcessMemory ou WriteProcessMemory foi concluída. (0x12B)
[0928/224002.167:ERROR:process_memory_win.cc(73)] ReadMemory at 0x7ffcda4831e0 of 512 bytes failed: Somente uma parte de um pedido ReadProcessMemory ou WriteProcessMemory foi concluída. (0x12B)
[0928/224002.167:ERROR:process_memory_win.cc(73)] ReadMemory at 0x209a8f1bcc0 of 132 bytes failed: Somente uma parte de um pedido ReadProcessMemory ou WriteProcessMemory foi concluída. (0x12B)
[0928/224002.168:ERROR:process_memory_win.cc(73)] ReadMemory at 0x7ffcdad70600 of 512 bytes failed: Somente uma parte de um pedido ReadProcessMemory ou WriteProcessMemory foi concluída. (0x12B)
[0928/224002.168:ERROR:process_memory_win.cc(73)] ReadMemory at 0x209a8f1bee0 of 132 bytes failed: Somente uma parte de um pedido ReadProcessMemory ou WriteProcessMemory foi concluída. (0x12B)
[0928/224002.168:ERROR:process_memory_win.cc(73)] ReadMemory at 0x7ffcdad70810 of 512 bytes failed: Somente uma parte de um pedido ReadProcessMemory ou WriteProcessMemory foi concluída. (0x12B)
[0928/224002.168:ERROR:process_memory_win.cc(73)] ReadMemory at 0x209a8f1c290 of 132 bytes failed: Somente uma parte de um pedido ReadProcessMemory ou WriteProcessMemory foi concluída. (0x12B)
[0928/224002.168:ERROR:process_memory_win.cc(73)] ReadMemory at 0x7ffd1fd9d700 of 512 bytes failed: Somente uma parte de um pedido ReadProcessMemory ou WriteProcessMemory foi concluída. (0x12B)
[0928/224002.168:ERROR:process_memory_win.cc(73)] ReadMemory at 0x209a8f1c5a0 of 132 bytes failed: Somente uma parte de um pedido ReadProcessMemory ou WriteProcessMemory foi concluída. (0x12B)
[0928/224002.168:ERROR:process_memory_win.cc(73)] ReadMemory at 0x7ffd20c71f80 of 512 bytes failed: Somente uma parte de um pedido ReadProcessMemory ou WriteProcessMemory foi concluída. (0x12B)
[0928/224002.168:ERROR:process_memory_win.cc(73)] ReadMemory at 0x209a8f1c700 of 132 bytes failed: Somente uma parte de um pedido ReadProcessMemory ou WriteProcessMemory foi concluída. (0x12B)
[0928/224002.168:ERROR:process_memory_win.cc(73)] ReadMemory at 0x7ffd22c3c074 of 672 bytes failed: Somente uma parte de um pedido ReadProcessMemory ou WriteProcessMemory foi concluída. (0x12B)
[0928/224002.168:ERROR:process_memory_win.cc(73)] ReadMemory at 0x209a8f1d600 of 80 bytes failed: Somente uma parte de um pedido ReadProcessMemory ou WriteProcessMemory foi concluída. (0x12B)
[0928/224002.168:ERROR:process_memory_win.cc(73)] ReadMemory at 0x7ffd22c3c674 of 512 bytes failed: Somente uma parte de um pedido ReadProcessMemory ou WriteProcessMemory foi concluída. (0x12B)
[0928/224002.168:ERROR:process_memory_win.cc(73)] ReadMemory at 0x209a8f1e8a0 of 132 bytes failed: Somente uma parte de um pedido ReadProcessMemory ou WriteProcessMemory foi concluída. (0x12B)
[0928/224002.168:ERROR:process_memory_win.cc(73)] ReadMemory at 0x7ffd22c3f924 of 608 bytes failed: Somente uma parte de um pedido ReadProcessMemory ou WriteProcessMemory foi concluída. (0x12B)
[0928/224002.168:ERROR:process_memory_win.cc(73)] ReadMemory at 0x209a8f1e9d0 of 132 bytes failed: Somente uma parte de um pedido ReadProcessMemory ou WriteProcessMemory foi concluída. (0x12B)
[0928/224002.168:ERROR:process_memory_win.cc(73)] ReadMemory at 0x7ffd22ccc428 of 18 bytes failed: Somente uma parte de um pedido ReadProcessMemory ou WriteProcessMemory foi concluída. (0x12B)
[0928/224002.168:ERROR:process_memory_win.cc(73)] ReadMemory at 0x209a8f1eb00 of 132 bytes failed: Somente uma parte de um pedido ReadProcessMemory ou WriteProcessMemory foi concluída. (0x12B)
[0928/224002.168:ERROR:process_memory_win.cc(73)] ReadMemory at 0x7ffd22cff4f8 of 40 bytes failed: Somente uma parte de um pedido ReadProcessMemory ou WriteProcessMemory foi concluída. (0x12B)
[0928/224002.168:ERROR:process_memory_win.cc(73)] ReadMemory at 0x209a8f1ec30 of 132 bytes failed: Somente uma parte de um pedido ReadProcessMemory ou WriteProcessMemory foi concluída. (0x12B)
[0928/224002.168:ERROR:process_memory_win.cc(73)] ReadMemory at 0x7ffd22cff978 of 48 bytes failed: Somente uma parte de um pedido ReadProcessMemory ou WriteProcessMemory foi concluída. (0x12B)
[0928/224002.168:ERROR:process_memory_win.cc(73)] ReadMemory at 0x209a8f1ed60 of 132 bytes failed: Somente uma parte de um pedido ReadProcessMemory ou WriteProcessMemory foi concluída. (0x12B)
[0928/224002.168:ERROR:process_memory_win.cc(73)] ReadMemory at 0x209a8f1ee90 of 132 bytes failed: Somente uma parte de um pedido ReadProcessMemory ou WriteProcessMemory foi concluída. (0x12B)
[0928/224002.168:ERROR:process_memory_win.cc(73)] ReadMemory at 0x7ffd22d053c0 of 64 bytes failed: Somente uma parte de um pedido ReadProcessMemory ou WriteProcessMemory foi concluída. (0x12B)
[0928/224002.168:ERROR:process_memory_win.cc(73)] ReadMemory at 0x209a8f1efc0 of 132 bytes failed: Somente uma parte de um pedido ReadProcessMemory ou WriteProcessMemory foi concluída. (0x12B)
[0928/224002.169:ERROR:process_memory_win.cc(73)] ReadMemory at 0x209a8f1f0f0 of 132 bytes failed: Somente uma parte de um pedido ReadProcessMemory ou WriteProcessMemory foi concluída. (0x12B)
[0928/224002.169:ERROR:process_memory_win.cc(73)] ReadMemory at 0x209a8f1f220 of 132 bytes failed: Somente uma parte de um pedido ReadProcessMemory ou WriteProcessMemory foi concluída. (0x12B)
[0928/224002.169:ERROR:process_memory_win.cc(73)] ReadMemory at 0x209a8f1f480 of 132 bytes failed: Somente uma parte de um pedido ReadProcessMemory ou WriteProcessMemory foi concluída. (0x12B)
[0928/224002.169:ERROR:process_memory_win.cc(73)] ReadMemory at 0x209a8f1f5b0 of 132 bytes failed: Somente uma parte de um pedido ReadProcessMemory ou WriteProcessMemory foi concluída. (0x12B)
[0928/224002.169:ERROR:process_memory_win.cc(73)] ReadMemory at 0x209a8f1f6e0 of 132 bytes failed: Somente uma parte de um pedido ReadProcessMemory ou WriteProcessMemory foi concluída. (0x12B)
[0928/224002.169:ERROR:process_memory_win.cc(73)] ReadMemory at 0x209a8f21f40 of 64 bytes failed: Somente uma parte de um pedido ReadProcessMemory ou WriteProcessMemory foi concluída. (0x12B)
[0928/224002.169:ERROR:process_memory_win.cc(73)] ReadMemory at 0x209a8f21fe0 of 62 bytes failed: Somente uma parte de um pedido ReadProcessMemory ou WriteProcessMemory foi concluída. (0x12B)
[0928/224002.169:ERROR:process_memory_win.cc(73)] ReadMemory at 0x209a8f220d0 of 60 bytes failed: Somente uma parte de um pedido ReadProcessMemory ou WriteProcessMemory foi concluída. (0x12B)
[0928/224002.169:ERROR:process_memory_win.cc(73)] ReadMemory at 0x209a8f22530 of 60 bytes failed: Somente uma parte de um pedido ReadProcessMemory ou WriteProcessMemory foi concluída. (0x12B)
[0928/224002.169:ERROR:process_memory_win.cc(73)] ReadMemory at 0x209a8f22580 of 64 bytes failed: Somente uma parte de um pedido ReadProcessMemory ou WriteProcessMemory foi concluída. (0x12B)
[0928/224002.169:ERROR:process_memory_win.cc(73)] ReadMemory at 0x209a8f225d0 of 62 bytes failed: Somente uma parte de um pedido ReadProcessMemory ou WriteProcessMemory foi concluída. (0x12B)
[0928/224002.170:ERROR:process_memory_win.cc(73)] ReadMemory at 0x209a8f226c0 of 64 bytes failed: Somente uma parte de um pedido ReadProcessMemory ou WriteProcessMemory foi concluída. (0x12B)
[0928/224002.170:ERROR:process_memory_win.cc(73)] ReadMemory at 0x209a8f22710 of 60 bytes failed: Somente uma parte de um pedido ReadProcessMemory ou WriteProcessMemory foi concluída. (0x12B)
[0928/224002.170:ERROR:process_memory_win.cc(73)] ReadMemory at 0x209a8f22760 of 62 bytes failed: Somente uma parte de um pedido ReadProcessMemory ou WriteProcessMemory foi concluída. (0x12B)
[0928/224002.170:ERROR:process_memory_win.cc(73)] ReadMemory at 0x209a8f22800 of 64 bytes failed: Somente uma parte de um pedido ReadProcessMemory ou WriteProcessMemory foi concluída. (0x12B)
[0928/224002.170:ERROR:process_memory_win.cc(73)] ReadMemory at 0x209a8f228f0 of 64 bytes failed: Somente uma parte de um pedido ReadProcessMemory ou WriteProcessMemory foi concluída. (0x12B)
[0928/224002.170:ERROR:process_memory_win.cc(73)] ReadMemory at 0x209a8f22990 of 58 bytes failed: Somente uma parte de um pedido ReadProcessMemory ou WriteProcessMemory foi concluída. (0x12B)
[0928/224002.170:ERROR:process_memory_win.cc(73)] ReadMemory at 0x209a8f22a30 of 62 bytes failed: Somente uma parte de um pedido ReadProcessMemory ou WriteProcessMemory foi concluída. (0x12B)
[0928/224002.170:ERROR:process_memory_win.cc(73)] ReadMemory at 0x209a8f22b20 of 62 bytes failed: Somente uma parte de um pedido ReadProcessMemory ou WriteProcessMemory foi concluída. (0x12B)
[0928/224002.170:ERROR:process_memory_win.cc(73)] ReadMemory at 0x209a8f22e40 of 66 bytes failed: Somente uma parte de um pedido ReadProcessMemory ou WriteProcessMemory foi concluída. (0x12B)
[0928/224002.170:ERROR:process_memory_win.cc(73)] ReadMemory at 0x209a8f23090 of 132 bytes failed: Somente uma parte de um pedido ReadProcessMemory ou WriteProcessMemory foi concluída. (0x12B)
[0928/224002.170:ERROR:process_memory_win.cc(73)] ReadMemory at 0x209a8f232a0 of 132 bytes failed: Somente uma parte de um pedido ReadProcessMemory ou WriteProcessMemory foi concluída. (0x12B)
[0928/224002.171:ERROR:process_memory_win.cc(73)] ReadMemory at 0x209a8f25800 of 132 bytes failed: Somente uma parte de um pedido ReadProcessMemory ou WriteProcessMemory foi concluída. (0x12B)
[0928/224002.171:ERROR:process_memory_win.cc(73)] ReadMemory at 0x209a8f25930 of 146 bytes failed: Somente uma parte de um pedido ReadProcessMemory ou WriteProcessMemory foi concluída. (0x12B)
[0928/224002.171:ERROR:process_memory_win.cc(73)] ReadMemory at 0x209a8f27ae0 of 132 bytes failed: Somente uma parte de um pedido ReadProcessMemory ou WriteProcessMemory foi concluída. (0x12B)
[0928/224002.171:ERROR:process_memory_win.cc(73)] ReadMemory at 0x209a8f28e10 of 54 bytes failed: Somente uma parte de um pedido ReadProcessMemory ou WriteProcessMemory foi concluída. (0x12B)
[0928/224002.171:ERROR:process_memory_win.cc(73)] ReadMemory at 0x209a8f2d140 of 80 bytes failed: Somente uma parte de um pedido ReadProcessMemory ou WriteProcessMemory foi concluída. (0x12B)
[0928/224002.171:ERROR:process_memory_win.cc(73)] ReadMemory at 0x209a8f2dbc0 of 76 bytes failed: Somente uma parte de um pedido ReadProcessMemory ou WriteProcessMemory foi concluída. (0x12B)
[0928/224002.171:ERROR:process_memory_win.cc(73)] ReadMemory at 0x209a8f2e3c0 of 132 bytes failed: Somente uma parte de um pedido ReadProcessMemory ou WriteProcessMemory foi concluída. (0x12B)
[0928/224002.172:ERROR:process_memory_win.cc(73)] ReadMemory at 0x209a8f2e620 of 132 bytes failed: Somente uma parte de um pedido ReadProcessMemory ou WriteProcessMemory foi concluída. (0x12B)
[0928/224002.172:ERROR:process_memory_win.cc(73)] ReadMemory at 0x209a8f2e750 of 132 bytes failed: Somente uma parte de um pedido ReadProcessMemory ou WriteProcessMemory foi concluída. (0x12B)
[0928/224002.172:ERROR:process_memory_win.cc(73)] ReadMemory at 0x209a8f2e880 of 132 bytes failed: Somente uma parte de um pedido ReadProcessMemory ou WriteProcessMemory foi concluída. (0x12B)
[0928/224002.172:ERROR:process_memory_win.cc(73)] ReadMemory at 0x209a8f2e9b0 of 132 bytes failed: Somente uma parte de um pedido ReadProcessMemory ou WriteProcessMemory foi concluída. (0x12B)
[0928/224002.172:ERROR:process_memory_win.cc(73)] ReadMemory at 0x209a8f2eae0 of 132 bytes failed: Somente uma parte de um pedido ReadProcessMemory ou WriteProcessMemory foi concluída. (0x12B)
[0928/224002.172:ERROR:process_memory_win.cc(73)] ReadMemory at 0x209a8f2ec10 of 132 bytes failed: Somente uma parte de um pedido ReadProcessMemory ou WriteProcessMemory foi concluída. (0x12B)
[0928/224002.172:ERROR:process_memory_win.cc(73)] ReadMemory at 0x209a8f2f590 of 132 bytes failed: Somente uma parte de um pedido ReadProcessMemory ou WriteProcessMemory foi concluída. (0x12B)
[0928/224002.172:ERROR:process_memory_win.cc(73)] ReadMemory at 0x209a8f2fa50 of 132 bytes failed: Somente uma parte de um pedido ReadProcessMemory ou WriteProcessMemory foi concluída. (0x12B)
[0928/224002.172:ERROR:process_memory_win.cc(73)] ReadMemory at 0x209a8f2fde0 of 132 bytes failed: Somente uma parte de um pedido ReadProcessMemory ou WriteProcessMemory foi concluída. (0x12B)
[0928/224002.172:ERROR:process_memory_win.cc(73)] ReadMemory at 0x209a8f31f00 of 64 bytes failed: Somente uma parte de um pedido ReadProcessMemory ou WriteProcessMemory foi concluída. (0x12B)
[0928/224002.172:ERROR:process_memory_win.cc(73)] ReadMemory at 0x209a8f32180 of 62 bytes failed: Somente uma parte de um pedido ReadProcessMemory ou WriteProcessMemory foi concluída. (0x12B)
[0928/224002.172:ERROR:process_memory_win.cc(73)] ReadMemory at 0x209a8f32270 of 64 bytes failed: Somente uma parte de um pedido ReadProcessMemory ou WriteProcessMemory foi concluída. (0x12B)
[0928/224002.173:ERROR:process_memory_win.cc(73)] ReadMemory at 0x209a8f32400 of 62 bytes failed: Somente uma parte de um pedido ReadProcessMemory ou WriteProcessMemory foi concluída. (0x12B)
[0928/224002.173:ERROR:process_memory_win.cc(73)] ReadMemory at 0x209a8f324f0 of 66 bytes failed: Somente uma parte de um pedido ReadProcessMemory ou WriteProcessMemory foi concluída. (0x12B)
[0928/224002.173:ERROR:process_memory_win.cc(73)] ReadMemory at 0x209a8f32540 of 60 bytes failed: Somente uma parte de um pedido ReadProcessMemory ou WriteProcessMemory foi concluída. (0x12B)
[0928/224002.174:ERROR:process_memory_win.cc(73)] ReadMemory at 0x209a8f32770 of 62 bytes failed: Somente uma parte de um pedido ReadProcessMemory ou WriteProcessMemory foi concluída. (0x12B)
[0928/224002.174:ERROR:process_memory_win.cc(73)] ReadMemory at 0x209a8f32810 of 64 bytes failed: Somente uma parte de um pedido ReadProcessMemory ou WriteProcessMemory foi concluída. (0x12B)
[0928/224002.174:ERROR:process_memory_win.cc(73)] ReadMemory at 0x209a8f328b0 of 60 bytes failed: Somente uma parte de um pedido ReadProcessMemory ou WriteProcessMemory foi concluída. (0x12B)
[0928/224002.174:ERROR:process_memory_win.cc(73)] ReadMemory at 0x209a8f32900 of 62 bytes failed: Somente uma parte de um pedido ReadProcessMemory ou WriteProcessMemory foi concluída. (0x12B)
[0928/224002.174:ERROR:process_memory_win.cc(73)] ReadMemory at 0x209a8f32950 of 60 bytes failed: Somente uma parte de um pedido ReadProcessMemory ou WriteProcessMemory foi concluída. (0x12B)
[0928/224002.174:ERROR:process_memory_win.cc(73)] ReadMemory at 0x209a8f329a0 of 62 bytes failed: Somente uma parte de um pedido ReadProcessMemory ou WriteProcessMemory foi concluída. (0x12B)
[0928/224002.174:ERROR:process_memory_win.cc(73)] ReadMemory at 0x209a8f423c0 of 512 bytes failed: Somente uma parte de um pedido ReadProcessMemory ou WriteProcessMemory foi concluída. (0x12B)
[0928/224002.175:ERROR:process_memory_win.cc(73)] ReadMemory at 0x209a8f58740 of 512 bytes failed: Somente uma parte de um pedido ReadProcessMemory ou WriteProcessMemory foi concluída. (0x12B)
[0928/224002.175:ERROR:process_memory_win.cc(73)] ReadMemory at 0x209a8f82ca0 of 768 bytes failed: Somente uma parte de um pedido ReadProcessMemory ou WriteProcessMemory foi concluída. (0x12B)
[0928/224002.175:ERROR:process_memory_win.cc(73)] ReadMemory at 0x209a8f8eb50 of 512 bytes failed: Somente uma parte de um pedido ReadProcessMemory ou WriteProcessMemory foi concluída. (0x12B)
[0928/224002.175:ERROR:process_memory_win.cc(73)] ReadMemory at 0x209a8f90d10 of 512 bytes failed: Somente uma parte de um pedido ReadProcessMemory ou WriteProcessMemory foi concluída. (0x12B)
[0928/224002.175:ERROR:process_memory_win.cc(73)] ReadMemory at 0x209a8f92b00 of 712 bytes failed: Somente uma parte de um pedido ReadProcessMemory ou WriteProcessMemory foi concluída. (0x12B)
[0928/224002.175:ERROR:process_memory_win.cc(73)] ReadMemory at 0x209a8f9ead0 of 512 bytes failed: Somente uma parte de um pedido ReadProcessMemory ou WriteProcessMemory foi concluída. (0x12B)
[0928/224002.176:ERROR:process_memory_win.cc(73)] ReadMemory at 0x209a8fc55b0 of 512 bytes failed: Somente uma parte de um pedido ReadProcessMemory ou WriteProcessMemory foi concluída. (0x12B)
[0928/224002.176:ERROR:process_memory_win.cc(73)] ReadMemory at 0x209a8fe1e80 of 720 bytes failed: Somente uma parte de um pedido ReadProcessMemory ou WriteProcessMemory foi concluída. (0x12B)
[0928/224002.176:ERROR:process_memory_win.cc(73)] ReadMemory at 0x209a9030f40 of 512 bytes failed: Somente uma parte de um pedido ReadProcessMemory ou WriteProcessMemory foi concluída. (0x12B)
[0928/224002.176:ERROR:process_memory_win.cc(73)] ReadMemory at 0x209aa7e0000 of 384 bytes failed: Somente uma parte de um pedido ReadProcessMemory ou WriteProcessMemory foi concluída. (0x12B)
[0928/224002.176:ERROR:process_memory_win.cc(73)] ReadMemory at 0x209aa7eac74 of 814 bytes failed: Somente uma parte de um pedido ReadProcessMemory ou WriteProcessMemory foi concluída. (0x12B)
[0928/224002.176:ERROR:process_memory_win.cc(73)] ReadMemory at 0x209aab39a00 of 512 bytes failed: Somente uma parte de um pedido ReadProcessMemory ou WriteProcessMemory foi concluída. (0x12B)
[0928/224002.177:ERROR:process_memory_win.cc(73)] ReadMemory at 0x209aab3e650 of 512 bytes failed: Somente uma parte de um pedido ReadProcessMemory ou WriteProcessMemory foi concluída. (0x12B)
[0928/224002.177:ERROR:process_memory_win.cc(73)] ReadMemory at 0x209aab94660 of 512 bytes failed: Somente uma parte de um pedido ReadProcessMemory ou WriteProcessMemory foi concluída. (0x12B)
[0928/224002.177:ERROR:process_memory_win.cc(73)] ReadMemory at 0x209aabc9900 of 512 bytes failed: Somente uma parte de um pedido ReadProcessMemory ou WriteProcessMemory foi concluída. (0x12B)
[0928/224002.177:ERROR:process_memory_win.cc(73)] ReadMemory at 0x209ab0e0ca8 of 512 bytes failed: Somente uma parte de um pedido ReadProcessMemory ou WriteProcessMemory foi concluída. (0x12B)
[0928/224002.177:ERROR:process_memory_win.cc(73)] ReadMemory at 0x209ad35f9c0 of 512 bytes failed: Somente uma parte de um pedido ReadProcessMemory ou WriteProcessMemory foi concluída. (0x12B)
[0928/224002.177:ERROR:process_memory_win.cc(73)] ReadMemory at 0x15281822dab0 of 512 bytes failed: Somente uma parte de um pedido ReadProcessMemory ou WriteProcessMemory foi concluída. (0x12B)
[0928/224002.177:ERROR:process_memory_win.cc(73)] ReadMemory at 0x6d4edcd48880 of 512 bytes failed: Somente uma parte de um pedido ReadProcessMemory ou WriteProcessMemory foi concluída. (0x12B)
[0928/224002.178:ERROR:process_memory_win.cc(73)] ReadMemory at 0x6d4edd02bf80 of 128 bytes failed: Somente uma parte de um pedido ReadProcessMemory ou WriteProcessMemory foi concluída. (0x12B)
[0928/224002.178:ERROR:process_memory_win.cc(73)] ReadMemory at 0x6d4edd8012a0 of 512 bytes failed: Somente uma parte de um pedido ReadProcessMemory ou WriteProcessMemory foi concluída. (0x12B)
[0928/224002.178:ERROR:process_memory_win.cc(73)] ReadMemory at 0x6d4edd86ff80 of 512 bytes failed: Somente uma parte de um pedido ReadProcessMemory ou WriteProcessMemory foi concluída. (0x12B)
[0928/224002.178:ERROR:process_memory_win.cc(73)] ReadMemory at 0x7ffcd32c73f0 of 512 bytes failed: Somente uma parte de um pedido ReadProcessMemory ou WriteProcessMemory foi concluída. (0x12B)
[0928/224002.178:ERROR:process_memory_win.cc(73)] ReadMemory at 0x7ffcd455a184 of 512 bytes failed: Somente uma parte de um pedido ReadProcessMemory ou WriteProcessMemory foi concluída. (0x12B)
[0928/224002.178:ERROR:process_memory_win.cc(73)] ReadMemory at 0x7ffcd525e17d of 512 bytes failed: Somente uma parte de um pedido ReadProcessMemory ou WriteProcessMemory foi concluída. (0x12B)
[0928/224002.178:ERROR:process_memory_win.cc(73)] ReadMemory at 0x7ffcda482fa2 of 512 bytes failed: Somente uma parte de um pedido ReadProcessMemory ou WriteProcessMemory foi concluída. (0x12B)
[0928/224002.178:ERROR:process_memory_win.cc(73)] ReadMemory at 0x7ffcdae6aa78 of 512 bytes failed: Somente uma parte de um pedido ReadProcessMemory ou WriteProcessMemory foi concluída. (0x12B)
[0928/224002.178:ERROR:process_memory_win.cc(73)] ReadMemory at 0x7ffd1fd9d700 of 512 bytes failed: Somente uma parte de um pedido ReadProcessMemory ou WriteProcessMemory foi concluída. (0x12B)
[0928/224002.178:ERROR:process_memory_win.cc(73)] ReadMemory at 0x7ffd20c71f80 of 512 bytes failed: Somente uma parte de um pedido ReadProcessMemory ou WriteProcessMemory foi concluída. (0x12B)
[0928/224002.258:ERROR:process_memory_win.cc(73)] ReadMemory at 0x7ffd22c3c074 of 672 bytes failed: Somente uma parte de um pedido ReadProcessMemory ou WriteProcessMemory foi concluída. (0x12B)
[0928/224002.259:ERROR:process_memory_win.cc(73)] ReadMemory at 0x7ffd22c3c674 of 512 bytes failed: Somente uma parte de um pedido ReadProcessMemory ou WriteProcessMemory foi concluída. (0x12B)
[0928/224002.259:ERROR:process_memory_win.cc(73)] ReadMemory at 0x7ffd22c3f924 of 608 bytes failed: Somente uma parte de um pedido ReadProcessMemory ou WriteProcessMemory foi concluída. (0x12B)
[0928/224002.260:ERROR:process_memory_win.cc(73)] ReadMemory at 0x7ffd22ccc428 of 18 bytes failed: Somente uma parte de um pedido ReadProcessMemory ou WriteProcessMemory foi concluída. (0x12B)
[0928/224002.260:ERROR:process_memory_win.cc(73)] ReadMemory at 0x7ffd22cff4f8 of 40 bytes failed: Somente uma parte de um pedido ReadProcessMemory ou WriteProcessMemory foi concluída. (0x12B)
[0928/224002.260:ERROR:process_memory_win.cc(73)] ReadMemory at 0x7ffd22cff978 of 48 bytes failed: Somente uma parte de um pedido ReadProcessMemory ou WriteProcessMemory foi concluída. (0x12B)
[0928/224002.260:ERROR:process_memory_win.cc(73)] ReadMemory at 0x7ffd22d053c0 of 64 bytes failed: Somente uma parte de um pedido ReadProcessMemory ou WriteProcessMemory foi concluída. (0x12B)
[0928/224002.171:ERROR:scoped_process_suspend.cc(40)] NtResumeProcess: Tentou-se acessar um processo de saída. (0xc000010a)
[0928/224002.268:ERROR:scoped_process_suspend.cc(40)] NtResumeProcess: Tentou-se acessar um processo de saída. (0xc000010a)
